info:  Game: MirrorsEdge.exe
info:  DXVK: v1.10.1
info:  Built-in extension providers:
info:    Win32 WSI
info:    OpenVR
info:    OpenXR
info:  OpenVR: could not open registry key, status 2
info:  OpenVR: Failed to locate module
info:  Enabled instance extensions:
info:    VK_KHR_get_surface_capabilities2
info:    VK_KHR_surface
info:    VK_KHR_win32_surface
warn:  Skipping CPU adapter: llvmpipe (LLVM 13.0.1, 256 bits)
info:  D3D9: VK_FORMAT_D16_UNORM_S8_UINT -> VK_FORMAT_D24_UNORM_S8_UINT
info:  Intel(R) HD Graphics 620 (KBL GT2):
info:    Driver: 22.0.1
info:    Vulkan: 1.3.204
info:    Memory Heap[0]: 
info:      Size: 5888 MiB
info:      Flags: 0x1
info:      Memory Type[0]: Property Flags = 0xf
info:  Process set as DPI aware
info:  Game: MirrorsEdge.exe
info:  DXVK: v1.10.1
info:  Built-in extension providers:
info:    Win32 WSI
info:    OpenVR
info:    OpenXR
info:  OpenVR: could not open registry key, status 2
info:  OpenVR: Failed to locate module
info:  Enabled instance extensions:
info:    VK_KHR_get_surface_capabilities2
info:    VK_KHR_surface
info:    VK_KHR_win32_surface
warn:  Skipping CPU adapter: llvmpipe (LLVM 13.0.1, 256 bits)
info:  D3D9: VK_FORMAT_D16_UNORM_S8_UINT -> VK_FORMAT_D24_UNORM_S8_UINT
info:  Intel(R) HD Graphics 620 (KBL GT2):
info:    Driver: 22.0.1
info:    Vulkan: 1.3.204
info:    Memory Heap[0]: 
info:      Size: 5888 MiB
info:      Flags: 0x1
info:      Memory Type[0]: Property Flags = 0xf
info:  Process set as DPI aware
info:  Device properties:
info:    Device name:     : Intel(R) HD Graphics 620 (KBL GT2)
info:    Driver version   : 22.0.1
info:  Enabled device extensions:
info:    VK_EXT_4444_formats
info:    VK_EXT_conservative_rasterization
info:    VK_EXT_custom_border_color
info:    VK_EXT_depth_clip_enable
info:    VK_EXT_extended_dynamic_state
info:    VK_EXT_host_query_reset
info:    VK_EXT_robustness2
info:    VK_EXT_shader_demote_to_helper_invocation
info:    VK_EXT_shader_stencil_export
info:    VK_EXT_shader_viewport_index_layer
info:    VK_EXT_transform_feedback
info:    VK_EXT_vertex_attribute_divisor
info:    VK_KHR_create_renderpass2
info:    VK_KHR_depth_stencil_resolve
info:    VK_KHR_draw_indirect_count
info:    VK_KHR_driver_properties
info:    VK_KHR_image_format_list
info:    VK_KHR_sampler_mirror_clamp_to_edge
info:    VK_KHR_shader_float_controls
info:    VK_KHR_swapchain
info:  Device features:
info:    robustBufferAccess                     : 1
info:    fullDrawIndexUint32                    : 1
info:    imageCubeArray                         : 1
info:    independentBlend                       : 1
info:    geometryShader                         : 1
info:    tessellationShader                     : 0
info:    sampleRateShading                      : 1
info:    dualSrcBlend                           : 0
info:    logicOp                                : 0
info:    multiDrawIndirect                      : 0
info:    drawIndirectFirstInstance              : 0
info:    depthClamp                             : 1
info:    depthBiasClamp                         : 1
info:    fillModeNonSolid                       : 1
info:    depthBounds                            : 0
info:    multiViewport                          : 1
info:    samplerAnisotropy                      : 1
info:    textureCompressionBC                   : 1
info:    occlusionQueryPrecise                  : 1
info:    pipelineStatisticsQuery                : 1
info:    vertexPipelineStoresAndAtomics         : 1
info:    fragmentStoresAndAtomics               : 0
info:    shaderImageGatherExtended              : 0
info:    shaderStorageImageExtendedFormats      : 0
info:    shaderStorageImageReadWithoutFormat    : 0
info:    shaderStorageImageWriteWithoutFormat   : 1
info:    shaderClipDistance                     : 1
info:    shaderCullDistance                     : 1
info:    shaderFloat64                          : 0
info:    shaderInt64                            : 0
info:    variableMultisampleRate                : 0
info:  VK_EXT_4444_formats
info:    formatA4R4G4B4                         : 1
info:    formatA4B4G4R4                         : 0
info:  VK_EXT_custom_border_color
info:    customBorderColors                     : 1
info:    customBorderColorWithoutFormat         : 1
info:  VK_EXT_depth_clip_enable
info:    depthClipEnable                        : 1
info:  VK_EXT_extended_dynamic_state
info:    extendedDynamicState                   : 1
info:  VK_EXT_host_query_reset
info:    hostQueryReset                         : 1
info:  VK_EXT_memory_priority
info:    memoryPriority                         : 0
info:  VK_EXT_robustness2
info:    robustBufferAccess2                    : 1
info:    robustImageAccess2                     : 0
info:    nullDescriptor                         : 1
info:  VK_EXT_shader_demote_to_helper_invocation
info:    shaderDemoteToHelperInvocation         : 1
info:  VK_EXT_transform_feedback
info:    transformFeedback                      : 0
info:    geometryStreams                        : 0
info:  VK_EXT_vertex_attribute_divisor
info:    vertexAttributeInstanceRateDivisor     : 1
info:    vertexAttributeInstanceRateZeroDivisor : 1
info:  VK_KHR_buffer_device_address
info:    bufferDeviceAddress                    : 0
info:  Queue families:
info:    Graphics : 0
info:    Transfer : 0
info:  DXVK: Read 0 valid state cache entries
info:  DXVK: Using 2 compiler threads
info:  D3D9DeviceEx::ResetSwapChain:
info:    Requested Presentation Parameters
info:      - Width:              800
info:      - Height:             600
info:      - Format:             D3D9Format::A8R8G8B8
info:      - Auto Depth Stencil: false
info:                  ^ Format: D3D9Format::Unknown
info:      - Windowed:           false
err:   Failed to create surface
